<?xml version="1.0" encoding="UTF-8"?>
<!-- Generated by org.testng.reporters.JUnitReportReporter -->
<testsuite skipped="1" hostname="DESKTOP-H5PSRKV" name="Loginpage.DppDataDrivenDemo" tests="1" failures="0" timestamp="05 Sep 2018 00:52:01 GMT" time="0.000" errors="0">
  <testcase name="demoTest" time="0.000" classname="Loginpage.DppDataDrivenDemo">
    <skipped/>
  </testcase> <!-- demoTest -->
</testsuite> <!-- Loginpage.DppDataDrivenDemo -->
