<?xml version="1.0" encoding="UTF-8"?>
<!-- Generated by org.testng.reporters.JUnitReportReporter -->
<testsuite skipped="0" hostname="DESKTOP-H5PSRKV" name="Loginpage.loginPagedemo" tests="1" failures="0" timestamp="31 Aug 2018 20:46:03 GMT" time="25.154" errors="0">
  <testcase name="setup" time="25.154" classname="Loginpage.loginPagedemo"/>
</testsuite> <!-- Loginpage.loginPagedemo -->
